{"message":"::1 - - [18/Mar/2021:23:37:21 +0000] \"OPTIONS /api/auth/login HTTP/1.1\" 200 4 \"http://localhost:4200/\" \"Mozilla/5.0 (Windows NT 10.0; Win64; x64) AppleWebKit/537.36 (KHTML, like Gecko) Chrome/89.0.4389.90 Safari/537.36\"\n","level":"info"}
{"message":"::1 - - [18/Mar/2021:23:37:21 +0000] \"POST /api/auth/login HTTP/1.1\" 200 224 \"http://localhost:4200/\" \"Mozilla/5.0 (Windows NT 10.0; Win64; x64) AppleWebKit/537.36 (KHTML, like Gecko) Chrome/89.0.4389.90 Safari/537.36\"\n","level":"info"}
{"message":"::1 - - [18/Mar/2021:23:37:21 +0000] \"OPTIONS /api/sauces HTTP/1.1\" 200 13 \"http://localhost:4200/\" \"Mozilla/5.0 (Windows NT 10.0; Win64; x64) AppleWebKit/537.36 (KHTML, like Gecko) Chrome/89.0.4389.90 Safari/537.36\"\n","level":"info"}
{"message":"::1 - - [18/Mar/2021:23:37:21 +0000] \"GET /api/sauces HTTP/1.1\" 200 2408 \"http://localhost:4200/\" \"Mozilla/5.0 (Windows NT 10.0; Win64; x64) AppleWebKit/537.36 (KHTML, like Gecko) Chrome/89.0.4389.90 Safari/537.36\"\n","level":"info"}
{"message":"::1 - - [18/Mar/2021:23:37:21 +0000] \"GET /images/hellfireTheElixir_6589854857859_1615554826168.jpeg HTTP/1.1\" 304 - \"http://localhost:4200/\" \"Mozilla/5.0 (Windows NT 10.0; Win64; x64) AppleWebKit/537.36 (KHTML, like Gecko) Chrome/89.0.4389.90 Safari/537.36\"\n","level":"info"}
{"message":"::1 - - [18/Mar/2021:23:37:21 +0000] \"GET /images/PimentCayenne_1254785878578_1615548047399_1615554985735.jpeg HTTP/1.1\" 304 - \"http://localhost:4200/\" \"Mozilla/5.0 (Windows NT 10.0; Win64; x64) AppleWebKit/537.36 (KHTML, like Gecko) Chrome/89.0.4389.90 Safari/537.36\"\n","level":"info"}
{"message":"::1 - - [18/Mar/2021:23:37:21 +0000] \"GET /images/TropicaleZoe_1002589785954_1615678686034.png HTTP/1.1\" 304 - \"http://localhost:4200/\" \"Mozilla/5.0 (Windows NT 10.0; Win64; x64) AppleWebKit/537.36 (KHTML, like Gecko) Chrome/89.0.4389.90 Safari/537.36\"\n","level":"info"}
{"message":"::1 - - [18/Mar/2021:23:37:21 +0000] \"GET /images/Saucepi_4585789854258_1615679862592.jpeg HTTP/1.1\" 304 - \"http://localhost:4200/\" \"Mozilla/5.0 (Windows NT 10.0; Win64; x64) AppleWebKit/537.36 (KHTML, like Gecko) Chrome/89.0.4389.90 Safari/537.36\"\n","level":"info"}
{"message":"::1 - - [18/Mar/2021:23:37:21 +0000] \"GET /images/Britanniahotoka_148125484589_1615681678990.jpeg HTTP/1.1\" 304 - \"http://localhost:4200/\" \"Mozilla/5.0 (Windows NT 10.0; Win64; x64) AppleWebKit/537.36 (KHTML, like Gecko) Chrome/89.0.4389.90 Safari/537.36\"\n","level":"info"}
{"message":"::1 - - [18/Mar/2021:23:37:21 +0000] \"GET /images/HabaneroRe_2548785485454_1615901464422.jpeg HTTP/1.1\" 304 - \"http://localhost:4200/\" \"Mozilla/5.0 (Windows NT 10.0; Win64; x64) AppleWebKit/537.36 (KHTML, like Gecko) Chrome/89.0.4389.90 Safari/537.36\"\n","level":"info"}
{"message":"::1 - - [18/Mar/2021:23:37:24 +0000] \"OPTIONS /api/sauces/604b69a94edfb93154393e4a HTTP/1.1\" 200 19 \"http://localhost:4200/\" \"Mozilla/5.0 (Windows NT 10.0; Win64; x64) AppleWebKit/537.36 (KHTML, like Gecko) Chrome/89.0.4389.90 Safari/537.36\"\n","level":"info"}
{"message":"::1 - - [18/Mar/2021:23:37:24 +0000] \"GET /api/sauces/604b69a94edfb93154393e4a HTTP/1.1\" 304 - \"http://localhost:4200/\" \"Mozilla/5.0 (Windows NT 10.0; Win64; x64) AppleWebKit/537.36 (KHTML, like Gecko) Chrome/89.0.4389.90 Safari/537.36\"\n","level":"info"}
{"message":"::1 - - [18/Mar/2021:23:37:27 +0000] \"OPTIONS /api/sauces HTTP/1.1\" 200 13 \"http://localhost:4200/\" \"Mozilla/5.0 (Windows NT 10.0; Win64; x64) AppleWebKit/537.36 (KHTML, like Gecko) Chrome/89.0.4389.90 Safari/537.36\"\n","level":"info"}
{"message":"::1 - - [18/Mar/2021:23:37:27 +0000] \"GET /api/sauces HTTP/1.1\" 304 - \"http://localhost:4200/\" \"Mozilla/5.0 (Windows NT 10.0; Win64; x64) AppleWebKit/537.36 (KHTML, like Gecko) Chrome/89.0.4389.90 Safari/537.36\"\n","level":"info"}
{"message":"::1 - - [18/Mar/2021:23:41:26 +0000] \"OPTIONS /api/sauces HTTP/1.1\" 200 13 \"http://localhost:4200/\" \"Mozilla/5.0 (Windows NT 10.0; Win64; x64) AppleWebKit/537.36 (KHTML, like Gecko) Chrome/89.0.4389.90 Safari/537.36\"\n","level":"info"}
{"message":"::1 - - [18/Mar/2021:23:41:26 +0000] \"POST /api/sauces HTTP/1.1\" 201 52 \"http://localhost:4200/\" \"Mozilla/5.0 (Windows NT 10.0; Win64; x64) AppleWebKit/537.36 (KHTML, like Gecko) Chrome/89.0.4389.90 Safari/537.36\"\n","level":"info"}
{"message":"::1 - - [18/Mar/2021:23:41:26 +0000] \"GET /api/sauces HTTP/1.1\" 200 2805 \"http://localhost:4200/\" \"Mozilla/5.0 (Windows NT 10.0; Win64; x64) AppleWebKit/537.36 (KHTML, like Gecko) Chrome/89.0.4389.90 Safari/537.36\"\n","level":"info"}
{"message":"::1 - - [18/Mar/2021:23:41:26 +0000] \"GET /images/hellfireTheElixir_6589854857859_1615554826168.jpeg HTTP/1.1\" 304 - \"http://localhost:4200/\" \"Mozilla/5.0 (Windows NT 10.0; Win64; x64) AppleWebKit/537.36 (KHTML, like Gecko) Chrome/89.0.4389.90 Safari/537.36\"\n","level":"info"}
{"message":"::1 - - [18/Mar/2021:23:41:26 +0000] \"GET /images/PimentCayenne_1254785878578_1615548047399_1615554985735.jpeg HTTP/1.1\" 304 - \"http://localhost:4200/\" \"Mozilla/5.0 (Windows NT 10.0; Win64; x64) AppleWebKit/537.36 (KHTML, like Gecko) Chrome/89.0.4389.90 Safari/537.36\"\n","level":"info"}
{"message":"::1 - - [18/Mar/2021:23:41:26 +0000] \"GET /images/TropicaleZoe_1002589785954_1615678686034.png HTTP/1.1\" 304 - \"http://localhost:4200/\" \"Mozilla/5.0 (Windows NT 10.0; Win64; x64) AppleWebKit/537.36 (KHTML, like Gecko) Chrome/89.0.4389.90 Safari/537.36\"\n","level":"info"}
{"message":"::1 - - [18/Mar/2021:23:41:26 +0000] \"GET /images/Saucepi_4585789854258_1615679862592.jpeg HTTP/1.1\" 304 - \"http://localhost:4200/\" \"Mozilla/5.0 (Windows NT 10.0; Win64; x64) AppleWebKit/537.36 (KHTML, like Gecko) Chrome/89.0.4389.90 Safari/537.36\"\n","level":"info"}
{"message":"::1 - - [18/Mar/2021:23:41:26 +0000] \"GET /images/Britanniahotoka_148125484589_1615681678990.jpeg HTTP/1.1\" 304 - \"http://localhost:4200/\" \"Mozilla/5.0 (Windows NT 10.0; Win64; x64) AppleWebKit/537.36 (KHTML, like Gecko) Chrome/89.0.4389.90 Safari/537.36\"\n","level":"info"}
{"message":"::1 - - [18/Mar/2021:23:41:26 +0000] \"GET /images/HabaneroRe_2548785485454_1615901464422.jpeg HTTP/1.1\" 304 - \"http://localhost:4200/\" \"Mozilla/5.0 (Windows NT 10.0; Win64; x64) AppleWebKit/537.36 (KHTML, like Gecko) Chrome/89.0.4389.90 Safari/537.36\"\n","level":"info"}
{"message":"::1 - - [18/Mar/2021:23:41:26 +0000] \"GET /images/HeinzHabaneroHotSauce_54445454150ml_1616110886297.jpeg HTTP/1.1\" 200 30456 \"http://localhost:4200/\" \"Mozilla/5.0 (Windows NT 10.0; Win64; x64) AppleWebKit/537.36 (KHTML, like Gecko) Chrome/89.0.4389.90 Safari/537.36\"\n","level":"info"}
{"message":"::1 - - [18/Mar/2021:23:41:33 +0000] \"OPTIONS /api/sauces HTTP/1.1\" 200 13 \"http://localhost:4200/\" \"Mozilla/5.0 (Windows NT 10.0; Win64; x64) AppleWebKit/537.36 (KHTML, like Gecko) Chrome/89.0.4389.90 Safari/537.36\"\n","level":"info"}
{"message":"::1 - - [18/Mar/2021:23:41:34 +0000] \"GET /api/sauces HTTP/1.1\" 304 - \"http://localhost:4200/\" \"Mozilla/5.0 (Windows NT 10.0; Win64; x64) AppleWebKit/537.36 (KHTML, like Gecko) Chrome/89.0.4389.90 Safari/537.36\"\n","level":"info"}
{"message":"::1 - - [18/Mar/2021:23:41:37 +0000] \"OPTIONS /api/sauces/6053e526243a5e2948998b00 HTTP/1.1\" 200 19 \"http://localhost:4200/\" \"Mozilla/5.0 (Windows NT 10.0; Win64; x64) AppleWebKit/537.36 (KHTML, like Gecko) Chrome/89.0.4389.90 Safari/537.36\"\n","level":"info"}
{"message":"::1 - - [18/Mar/2021:23:41:37 +0000] \"GET /api/sauces/6053e526243a5e2948998b00 HTTP/1.1\" 200 396 \"http://localhost:4200/\" \"Mozilla/5.0 (Windows NT 10.0; Win64; x64) AppleWebKit/537.36 (KHTML, like Gecko) Chrome/89.0.4389.90 Safari/537.36\"\n","level":"info"}
{"message":"::1 - - [18/Mar/2021:23:41:42 +0000] \"OPTIONS /api/sauces/6053e526243a5e2948998b00/like HTTP/1.1\" 200 4 \"http://localhost:4200/\" \"Mozilla/5.0 (Windows NT 10.0; Win64; x64) AppleWebKit/537.36 (KHTML, like Gecko) Chrome/89.0.4389.90 Safari/537.36\"\n","level":"info"}
{"message":"::1 - - [18/Mar/2021:23:41:42 +0000] \"POST /api/sauces/6053e526243a5e2948998b00/like HTTP/1.1\" 200 49 \"http://localhost:4200/\" \"Mozilla/5.0 (Windows NT 10.0; Win64; x64) AppleWebKit/537.36 (KHTML, like Gecko) Chrome/89.0.4389.90 Safari/537.36\"\n","level":"info"}
{"message":"::1 - - [18/Mar/2021:23:41:43 +0000] \"POST /api/sauces/6053e526243a5e2948998b00/like HTTP/1.1\" 200 75 \"http://localhost:4200/\" \"Mozilla/5.0 (Windows NT 10.0; Win64; x64) AppleWebKit/537.36 (KHTML, like Gecko) Chrome/89.0.4389.90 Safari/537.36\"\n","level":"info"}
{"message":"::1 - - [18/Mar/2021:23:41:45 +0000] \"POST /api/sauces/6053e526243a5e2948998b00/like HTTP/1.1\" 200 49 \"http://localhost:4200/\" \"Mozilla/5.0 (Windows NT 10.0; Win64; x64) AppleWebKit/537.36 (KHTML, like Gecko) Chrome/89.0.4389.90 Safari/537.36\"\n","level":"info"}
{"message":"::1 - - [18/Mar/2021:23:41:50 +0000] \"OPTIONS /api/sauces/6053e526243a5e2948998b00/like HTTP/1.1\" 200 4 \"http://localhost:4200/\" \"Mozilla/5.0 (Windows NT 10.0; Win64; x64) AppleWebKit/537.36 (KHTML, like Gecko) Chrome/89.0.4389.90 Safari/537.36\"\n","level":"info"}
{"message":"::1 - - [18/Mar/2021:23:41:51 +0000] \"POST /api/sauces/6053e526243a5e2948998b00/like HTTP/1.1\" 200 75 \"http://localhost:4200/\" \"Mozilla/5.0 (Windows NT 10.0; Win64; x64) AppleWebKit/537.36 (KHTML, like Gecko) Chrome/89.0.4389.90 Safari/537.36\"\n","level":"info"}
{"message":"::1 - - [18/Mar/2021:23:41:52 +0000] \"POST /api/sauces/6053e526243a5e2948998b00/like HTTP/1.1\" 200 53 \"http://localhost:4200/\" \"Mozilla/5.0 (Windows NT 10.0; Win64; x64) AppleWebKit/537.36 (KHTML, like Gecko) Chrome/89.0.4389.90 Safari/537.36\"\n","level":"info"}
{"message":"::1 - - [18/Mar/2021:23:41:54 +0000] \"POST /api/sauces/6053e526243a5e2948998b00/like HTTP/1.1\" 200 75 \"http://localhost:4200/\" \"Mozilla/5.0 (Windows NT 10.0; Win64; x64) AppleWebKit/537.36 (KHTML, like Gecko) Chrome/89.0.4389.90 Safari/537.36\"\n","level":"info"}
{"message":"::1 - - [18/Mar/2021:23:41:55 +0000] \"POST /api/sauces/6053e526243a5e2948998b00/like HTTP/1.1\" 200 49 \"http://localhost:4200/\" \"Mozilla/5.0 (Windows NT 10.0; Win64; x64) AppleWebKit/537.36 (KHTML, like Gecko) Chrome/89.0.4389.90 Safari/537.36\"\n","level":"info"}
{"message":"::1 - - [18/Mar/2021:23:41:59 +0000] \"OPTIONS /api/sauces HTTP/1.1\" 200 13 \"http://localhost:4200/\" \"Mozilla/5.0 (Windows NT 10.0; Win64; x64) AppleWebKit/537.36 (KHTML, like Gecko) Chrome/89.0.4389.90 Safari/537.36\"\n","level":"info"}
{"message":"::1 - - [18/Mar/2021:23:41:59 +0000] \"GET /api/sauces HTTP/1.1\" 200 2857 \"http://localhost:4200/\" \"Mozilla/5.0 (Windows NT 10.0; Win64; x64) AppleWebKit/537.36 (KHTML, like Gecko) Chrome/89.0.4389.90 Safari/537.36\"\n","level":"info"}
{"message":"::1 - - [18/Mar/2021:23:41:59 +0000] \"GET /images/hellfireTheElixir_6589854857859_1615554826168.jpeg HTTP/1.1\" 304 - \"http://localhost:4200/\" \"Mozilla/5.0 (Windows NT 10.0; Win64; x64) AppleWebKit/537.36 (KHTML, like Gecko) Chrome/89.0.4389.90 Safari/537.36\"\n","level":"info"}
{"message":"::1 - - [18/Mar/2021:23:41:59 +0000] \"GET /images/PimentCayenne_1254785878578_1615548047399_1615554985735.jpeg HTTP/1.1\" 304 - \"http://localhost:4200/\" \"Mozilla/5.0 (Windows NT 10.0; Win64; x64) AppleWebKit/537.36 (KHTML, like Gecko) Chrome/89.0.4389.90 Safari/537.36\"\n","level":"info"}
{"message":"::1 - - [18/Mar/2021:23:41:59 +0000] \"GET /images/TropicaleZoe_1002589785954_1615678686034.png HTTP/1.1\" 304 - \"http://localhost:4200/\" \"Mozilla/5.0 (Windows NT 10.0; Win64; x64) AppleWebKit/537.36 (KHTML, like Gecko) Chrome/89.0.4389.90 Safari/537.36\"\n","level":"info"}
{"message":"::1 - - [18/Mar/2021:23:41:59 +0000] \"GET /images/Saucepi_4585789854258_1615679862592.jpeg HTTP/1.1\" 304 - \"http://localhost:4200/\" \"Mozilla/5.0 (Windows NT 10.0; Win64; x64) AppleWebKit/537.36 (KHTML, like Gecko) Chrome/89.0.4389.90 Safari/537.36\"\n","level":"info"}
{"message":"::1 - - [18/Mar/2021:23:41:59 +0000] \"GET /images/Britanniahotoka_148125484589_1615681678990.jpeg HTTP/1.1\" 304 - \"http://localhost:4200/\" \"Mozilla/5.0 (Windows NT 10.0; Win64; x64) AppleWebKit/537.36 (KHTML, like Gecko) Chrome/89.0.4389.90 Safari/537.36\"\n","level":"info"}
{"message":"::1 - - [18/Mar/2021:23:41:59 +0000] \"GET /images/HabaneroRe_2548785485454_1615901464422.jpeg HTTP/1.1\" 304 - \"http://localhost:4200/\" \"Mozilla/5.0 (Windows NT 10.0; Win64; x64) AppleWebKit/537.36 (KHTML, like Gecko) Chrome/89.0.4389.90 Safari/537.36\"\n","level":"info"}
